TN:
SF:src/app.controller.ts
FN:7,(anonymous_2)
FN:11,(anonymous_3)
FNF:2
FNH:2
FNDA:1,(anonymous_2)
FNDA:1,(anonymous_3)
DA:1,1
DA:2,1
DA:3,1
DA:6,1
DA:7,1
DA:11,1
DA:12,1
LF:7
LH:7
BRF:0
BRH:0
end_of_record
TN:
SF:src/app.service.ts
FN:5,(anonymous_1)
FNF:1
FNH:1
FNDA:1,(anonymous_1)
DA:1,1
DA:4,1
DA:6,1
LF:3
LH:3
BRF:0
BRH:0
end_of_record
TN:
SF:src/auth/auth.controller.ts
FN:34,(anonymous_4)
FN:73,(anonymous_5)
FN:99,(anonymous_6)
FN:125,(anonymous_7)
FN:153,(anonymous_8)
FNF:5
FNH:5
FNDA:10,(anonymous_4)
FNDA:2,(anonymous_5)
FNDA:3,(anonymous_6)
FNDA:2,(anonymous_7)
FNDA:3,(anonymous_8)
DA:1,1
DA:10,1
DA:20,1
DA:21,1
DA:22,1
DA:23,1
DA:24,1
DA:25,1
DA:26,1
DA:28,1
DA:29,1
DA:33,1
DA:34,10
DA:73,1
DA:76,2
DA:99,1
DA:103,3
DA:125,1
DA:128,2
DA:153,1
DA:154,3
LF:21
LH:21
BRF:0
BRH:0
end_of_record
TN:
SF:src/auth/auth.service.ts
FN:10,(anonymous_2)
FN:15,(anonymous_3)
FN:20,(anonymous_4)
FN:24,(anonymous_5)
FN:28,(anonymous_6)
FN:43,(anonymous_7)
FNF:6
FNH:6
FNDA:10,(anonymous_2)
FNDA:2,(anonymous_3)
FNDA:2,(anonymous_4)
FNDA:1,(anonymous_5)
FNDA:4,(anonymous_6)
FNDA:3,(anonymous_7)
DA:1,2
DA:2,2
DA:3,2
DA:9,2
DA:11,10
DA:12,10
DA:16,2
DA:17,1
DA:21,2
DA:25,1
DA:29,4
DA:30,4
DA:31,3
DA:33,3
DA:34,2
DA:37,1
DA:39,3
DA:44,3
DA:48,3
DA:50,3
LF:20
LH:20
BRDA:33,0,0,2
BRDA:33,1,0,3
BRDA:33,1,1,2
BRF:3
BRH:3
end_of_record
TN:
SF:src/auth/jwt.service.ts
FN:8,(anonymous_2)
FN:13,(anonymous_3)
FN:25,(anonymous_4)
FN:35,(anonymous_5)
FN:41,(anonymous_6)
FN:47,(anonymous_7)
FNF:6
FNH:0
FNDA:0,(anonymous_2)
FNDA:0,(anonymous_3)
FNDA:0,(anonymous_4)
FNDA:0,(anonymous_5)
FNDA:0,(anonymous_6)
FNDA:0,(anonymous_7)
DA:1,2
DA:2,2
DA:3,2
DA:7,2
DA:9,0
DA:10,0
DA:14,0
DA:19,0
DA:26,0
DA:36,0
DA:42,0
DA:48,0
LF:12
LH:4
BRF:0
BRH:0
end_of_record
TN:
SF:src/auth/password.service.ts
FN:8,(anonymous_1)
FN:12,(anonymous_2)
FN:19,(anonymous_3)
FNF:3
FNH:3
FNDA:4,(anonymous_1)
FNDA:3,(anonymous_2)
FNDA:26,(anonymous_3)
DA:1,5
DA:2,5
DA:5,5
DA:6,33
DA:9,4
DA:16,3
DA:23,26
DA:25,26
DA:26,5
DA:30,26
DA:33,10
DA:38,26
LF:12
LH:12
BRDA:25,0,0,5
BRDA:30,1,0,10
BRF:2
BRH:2
end_of_record
TN:
SF:src/auth/decorators/current-user.decorator.ts
FN:5,(anonymous_0)
FNF:1
FNH:0
FNDA:0,(anonymous_0)
DA:1,2
DA:4,2
DA:6,0
DA:7,0
DA:9,0
LF:5
LH:2
BRDA:9,0,0,0
BRDA:9,0,1,0
BRF:2
BRH:0
end_of_record
TN:
SF:src/auth/decorators/public.decorator.ts
FN:4,(anonymous_0)
FNF:1
FNH:1
FNDA:4,(anonymous_0)
DA:1,2
DA:3,2
DA:4,4
LF:3
LH:3
BRF:0
BRH:0
end_of_record
TN:
SF:src/auth/guards/jwt-auth.guard.ts
FN:7,(anonymous_2)
FN:11,(anonymous_3)
FNF:2
FNH:0
FNDA:0,(anonymous_2)
FNDA:0,(anonymous_3)
DA:1,0
DA:2,0
DA:3,0
DA:6,0
DA:7,0
DA:8,0
DA:12,0
DA:17,0
DA:18,0
DA:21,0
LF:10
LH:0
BRDA:17,0,0,0
BRF:1
BRH:0
end_of_record
TN:
SF:src/auth/guards/local-auth.guard.ts
FNF:0
FNH:0
DA:1,1
DA:2,1
DA:5,1
LF:3
LH:3
BRF:0
BRH:0
end_of_record
TN:
SF:src/auth/strategies/jwt.strategy.ts
FN:11,(anonymous_2)
FN:22,(anonymous_3)
FNF:2
FNH:0
FNDA:0,(anonymous_2)
FNDA:0,(anonymous_3)
DA:1,0
DA:2,0
DA:3,0
DA:4,0
DA:6,0
DA:10,0
DA:12,0
DA:13,0
DA:15,0
DA:23,0
DA:24,0
DA:25,0
DA:27,0
LF:13
LH:0
BRDA:18,0,0,0
BRDA:18,0,1,0
BRDA:24,1,0,0
BRDA:24,2,0,0
BRDA:24,2,1,0
BRF:5
BRH:0
end_of_record
TN:
SF:src/auth/strategies/local.strategy.ts
FN:9,(anonymous_2)
FN:15,(anonymous_3)
FNF:2
FNH:0
FNDA:0,(anonymous_2)
FNDA:0,(anonymous_3)
DA:1,0
DA:2,0
DA:3,0
DA:4,0
DA:8,0
DA:9,0
DA:10,0
DA:16,0
DA:17,0
DA:18,0
DA:20,0
LF:11
LH:0
BRDA:17,0,0,0
BRF:1
BRH:0
end_of_record
TN:
SF:src/todos/todo.controller.ts
FN:47,(anonymous_4)
FN:75,(anonymous_5)
FN:114,(anonymous_6)
FN:140,(anonymous_7)
FN:180,(anonymous_8)
FN:209,(anonymous_9)
FN:237,(anonymous_10)
FN:263,(anonymous_11)
FN:282,(anonymous_12)
FNF:9
FNH:0
FNDA:0,(anonymous_4)
FNDA:0,(anonymous_5)
FNDA:0,(anonymous_6)
FNDA:0,(anonymous_7)
FNDA:0,(anonymous_8)
FNDA:0,(anonymous_9)
FNDA:0,(anonymous_10)
FNDA:0,(anonymous_11)
FNDA:0,(anonymous_12)
DA:1,0
DA:17,0
DA:29,0
DA:30,0
DA:31,0
DA:32,0
DA:38,0
DA:39,0
DA:40,0
DA:46,0
DA:47,0
DA:75,0
DA:79,0
DA:80,0
DA:114,0
DA:122,0
DA:129,0
DA:130,0
DA:140,0
DA:141,0
DA:142,0
DA:180,0
DA:184,0
DA:185,0
DA:209,0
DA:214,0
DA:215,0
DA:237,0
DA:241,0
DA:242,0
DA:263,0
DA:267,0
DA:282,0
DA:285,0
DA:286,0
LF:35
LH:0
BRF:0
BRH:0
end_of_record
TN:
SF:src/todos/todo.entity.ts
FN:16,(anonymous_0)
FN:36,(anonymous_1)
FN:48,(anonymous_2)
FN:60,(anonymous_3)
FNF:4
FNH:0
FNDA:0,(anonymous_0)
FNDA:0,(anonymous_1)
FNDA:0,(anonymous_2)
FNDA:0,(anonymous_3)
DA:1,0
DA:4,0
DA:17,0
DA:18,0
DA:19,0
DA:20,0
DA:21,0
DA:22,0
DA:29,0
DA:30,0
DA:31,0
DA:32,0
DA:37,0
DA:49,0
DA:50,0
DA:51,0
DA:52,0
DA:53,0
DA:54,0
DA:56,0
DA:61,0
DA:62,0
LF:22
LH:0
BRDA:17,0,0,0
BRDA:17,0,1,0
BRDA:18,1,0,0
BRDA:18,1,1,0
BRDA:20,2,0,0
BRDA:20,2,1,0
BRDA:21,3,0,0
BRDA:21,3,1,0
BRDA:22,4,0,0
BRDA:22,4,1,0
BRDA:29,5,0,0
BRDA:29,5,1,0
BRDA:30,6,0,0
BRDA:30,6,1,0
BRDA:31,7,0,0
BRDA:31,7,1,0
BRDA:32,8,0,0
BRDA:32,8,1,0
BRDA:49,9,0,0
BRDA:50,10,0,0
BRDA:51,11,0,0
BRDA:52,12,0,0
BRDA:53,13,0,0
BRDA:54,14,0,0
BRF:24
BRH:0
end_of_record
TN:
SF:src/todos/todo.repository.ts
FN:9,(anonymous_1)
FN:13,(anonymous_2)
FN:14,(anonymous_3)
FN:17,(anonymous_4)
FN:18,(anonymous_5)
FN:21,(anonymous_6)
FN:27,(anonymous_7)
FN:34,(anonymous_8)
FN:39,(anonymous_9)
FN:43,(anonymous_10)
FN:48,(anonymous_11)
FN:52,(anonymous_12)
FN:58,(anonymous_13)
FN:62,(anonymous_14)
FN:71,(anonymous_15)
FN:73,(anonymous_16)
FN:77,(anonymous_17)
FN:79,(anonymous_18)
FN:83,(anonymous_19)
FN:84,(anonymous_20)
FN:93,(anonymous_21)
FN:99,(anonymous_22)
FN:109,(anonymous_23)
FN:113,(anonymous_24)
FN:114,(anonymous_25)
FN:117,(anonymous_26)
FN:122,(anonymous_27)
FNF:27
FNH:0
FNDA:0,(anonymous_1)
FNDA:0,(anonymous_2)
FNDA:0,(anonymous_3)
FNDA:0,(anonymous_4)
FNDA:0,(anonymous_5)
FNDA:0,(anonymous_6)
FNDA:0,(anonymous_7)
FNDA:0,(anonymous_8)
FNDA:0,(anonymous_9)
FNDA:0,(anonymous_10)
FNDA:0,(anonymous_11)
FNDA:0,(anonymous_12)
FNDA:0,(anonymous_13)
FNDA:0,(anonymous_14)
FNDA:0,(anonymous_15)
FNDA:0,(anonymous_16)
FNDA:0,(anonymous_17)
FNDA:0,(anonymous_18)
FNDA:0,(anonymous_19)
FNDA:0,(anonymous_20)
FNDA:0,(anonymous_21)
FNDA:0,(anonymous_22)
FNDA:0,(anonymous_23)
FNDA:0,(anonymous_24)
FNDA:0,(anonymous_25)
FNDA:0,(anonymous_26)
FNDA:0,(anonymous_27)
DA:1,0
DA:2,0
DA:6,0
DA:7,0
DA:10,0
DA:14,0
DA:18,0
DA:26,0
DA:28,0
DA:38,0
DA:39,0
DA:47,0
DA:48,0
DA:53,0
DA:54,0
DA:55,0
DA:62,0
DA:63,0
DA:64,0
DA:67,0
DA:68,0
DA:72,0
DA:73,0
DA:74,0
DA:78,0
DA:79,0
DA:80,0
DA:84,0
DA:85,0
DA:86,0
DA:89,0
DA:90,0
DA:98,0
DA:99,0
DA:100,0
DA:101,0
DA:102,0
DA:103,0
DA:106,0
DA:110,0
DA:114,0
DA:121,0
DA:122,0
LF:43
LH:0
BRDA:14,0,0,0
BRDA:14,0,1,0
BRDA:28,1,0,0
BRDA:28,1,1,0
BRDA:28,1,2,0
BRDA:39,2,0,0
BRDA:39,2,1,0
BRDA:48,3,0,0
BRDA:48,3,1,0
BRDA:63,4,0,0
BRDA:85,5,0,0
BRDA:100,6,0,0
BRDA:100,7,0,0
BRDA:100,7,1,0
BRDA:122,8,0,0
BRDA:122,8,1,0
BRF:16
BRH:0
end_of_record
TN:
SF:src/todos/todo.service.ts
FN:15,(anonymous_2)
FN:17,(anonymous_3)
FN:34,(anonymous_4)
FN:63,(anonymous_5)
FN:66,(anonymous_6)
FN:79,(anonymous_7)
FN:112,(anonymous_8)
FN:129,(anonymous_9)
FN:143,(anonymous_10)
FN:145,(anonymous_11)
FN:146,(anonymous_12)
FN:151,(anonymous_13)
FN:169,(anonymous_14)
FN:173,(anonymous_15)
FN:185,(anonymous_16)
FNF:15
FNH:0
FNDA:0,(anonymous_2)
FNDA:0,(anonymous_3)
FNDA:0,(anonymous_4)
FNDA:0,(anonymous_5)
FNDA:0,(anonymous_6)
FNDA:0,(anonymous_7)
FNDA:0,(anonymous_8)
FNDA:0,(anonymous_9)
FNDA:0,(anonymous_10)
FNDA:0,(anonymous_11)
FNDA:0,(anonymous_12)
FNDA:0,(anonymous_13)
FNDA:0,(anonymous_14)
FNDA:0,(anonymous_15)
FNDA:0,(anonymous_16)
DA:1,0
DA:6,0
DA:11,0
DA:14,0
DA:15,0
DA:21,0
DA:30,0
DA:31,0
DA:43,0
DA:44,0
DA:49,0
DA:50,0
DA:54,0
DA:55,0
DA:60,0
DA:63,0
DA:67,0
DA:68,0
DA:69,0
DA:72,0
DA:73,0
DA:76,0
DA:84,0
DA:85,0
DA:86,0
DA:89,0
DA:90,0
DA:93,0
DA:95,0
DA:96,0
DA:97,0
DA:98,0
DA:99,0
DA:100,0
DA:101,0
DA:102,0
DA:103,0
DA:104,0
DA:105,0
DA:106,0
DA:108,0
DA:109,0
DA:116,0
DA:117,0
DA:118,0
DA:121,0
DA:122,0
DA:125,0
DA:126,0
DA:130,0
DA:131,0
DA:132,0
DA:135,0
DA:136,0
DA:139,0
DA:140,0
DA:144,0
DA:145,0
DA:146,0
DA:149,0
DA:150,0
DA:151,0
DA:154,0
DA:155,0
DA:156,0
DA:158,0
DA:160,0
DA:170,0
DA:178,0
DA:189,0
DA:191,0
DA:192,0
DA:199,0
DA:200,0
DA:201,0
DA:203,0
DA:206,0
LF:77
LH:0
BRDA:24,0,0,0
BRDA:24,0,1,0
BRDA:43,1,0,0
BRDA:43,1,1,0
BRDA:43,2,0,0
BRDA:43,2,1,0
BRDA:49,3,0,0
BRDA:49,3,1,0
BRDA:54,4,0,0
BRDA:54,4,1,0
BRDA:68,5,0,0
BRDA:72,6,0,0
BRDA:85,7,0,0
BRDA:89,8,0,0
BRDA:95,9,0,0
BRDA:97,10,0,0
BRDA:99,11,0,0
BRDA:101,12,0,0
BRDA:103,13,0,0
BRDA:105,14,0,0
BRDA:117,15,0,0
BRDA:121,16,0,0
BRDA:131,17,0,0
BRDA:135,18,0,0
BRDA:151,19,0,0
BRDA:151,19,1,0
BRDA:158,20,0,0
BRDA:158,20,1,0
BRDA:200,21,0,0
BRF:29
BRH:0
end_of_record
TN:
SF:src/users/user.controller.ts
FN:32,(anonymous_4)
FN:62,(anonymous_5)
FN:123,(anonymous_6)
FN:174,(anonymous_7)
FN:206,(anonymous_8)
FNF:5
FNH:5
FNDA:9,(anonymous_4)
FNDA:2,(anonymous_5)
FNDA:2,(anonymous_6)
FNDA:2,(anonymous_7)
FNDA:2,(anonymous_8)
DA:1,1
DA:11,1
DA:21,1
DA:22,1
DA:23,1
DA:24,1
DA:25,1
DA:31,1
DA:32,9
DA:62,1
DA:63,2
DA:123,1
DA:127,2
DA:174,1
DA:178,2
DA:206,1
DA:207,2
LF:17
LH:17
BRF:0
BRH:0
end_of_record
TN:
SF:src/users/user.entity.ts
FN:12,(anonymous_0)
FN:21,(anonymous_1)
FN:25,(anonymous_2)
FNF:3
FNH:2
FNDA:8,(anonymous_0)
FNDA:0,(anonymous_1)
FNDA:8,(anonymous_2)
DA:1,4
DA:13,8
DA:14,8
DA:15,8
DA:16,8
DA:17,8
DA:18,8
DA:22,0
DA:26,8
LF:9
LH:8
BRDA:14,0,0,8
BRDA:14,0,1,0
BRDA:15,1,0,8
BRDA:15,1,1,0
BRDA:16,2,0,8
BRDA:16,2,1,0
BRDA:17,3,0,8
BRDA:17,3,1,0
BRDA:18,4,0,8
BRDA:18,4,1,0
BRF:10
BRH:5
end_of_record
TN:
SF:src/users/user.repository.ts
FN:8,(anonymous_1)
FN:12,(anonymous_2)
FN:13,(anonymous_3)
FN:16,(anonymous_4)
FN:17,(anonymous_5)
FN:20,(anonymous_6)
FN:26,(anonymous_7)
FN:27,(anonymous_8)
FN:41,(anonymous_9)
FN:43,(anonymous_10)
FN:47,(anonymous_11)
FN:48,(anonymous_12)
FNF:12
FNH:0
FNDA:0,(anonymous_1)
FNDA:0,(anonymous_2)
FNDA:0,(anonymous_3)
FNDA:0,(anonymous_4)
FNDA:0,(anonymous_5)
FNDA:0,(anonymous_6)
FNDA:0,(anonymous_7)
FNDA:0,(anonymous_8)
FNDA:0,(anonymous_9)
FNDA:0,(anonymous_10)
FNDA:0,(anonymous_11)
FNDA:0,(anonymous_12)
DA:1,4
DA:2,4
DA:5,4
DA:6,0
DA:9,0
DA:13,0
DA:17,0
DA:21,0
DA:22,0
DA:23,0
DA:27,0
DA:28,0
DA:29,0
DA:32,0
DA:38,0
DA:42,0
DA:43,0
DA:44,0
DA:48,0
LF:19
LH:3
BRDA:13,0,0,0
BRDA:13,0,1,0
BRDA:17,1,0,0
BRDA:17,1,1,0
BRDA:28,2,0,0
BRF:5
BRH:0
end_of_record
TN:
SF:src/users/user.service.ts
FN:17,(anonymous_2)
FN:22,(anonymous_3)
FN:53,(anonymous_4)
FN:57,(anonymous_5)
FN:61,(anonymous_6)
FN:75,(anonymous_7)
FN:110,(anonymous_8)
FN:117,(anonymous_9)
FNF:8
FNH:8
FNDA:20,(anonymous_2)
FNDA:3,(anonymous_3)
FNDA:2,(anonymous_4)
FNDA:2,(anonymous_5)
FNDA:2,(anonymous_6)
FNDA:4,(anonymous_7)
FNDA:2,(anonymous_8)
FNDA:4,(anonymous_9)
DA:1,4
DA:7,4
DA:8,4
DA:16,4
DA:18,20
DA:19,20
DA:23,3
DA:26,3
DA:27,3
DA:28,1
DA:33,2
DA:34,2
DA:35,1
DA:39,1
DA:42,1
DA:50,1
DA:54,2
DA:58,2
DA:62,2
DA:63,2
DA:64,1
DA:67,1
DA:68,1
DA:69,0
DA:72,1
DA:79,4
DA:80,4
DA:81,1
DA:85,3
DA:89,3
DA:90,1
DA:94,2
DA:97,2
DA:98,1
DA:102,1
DA:107,1
DA:111,2
DA:112,2
DA:113,1
DA:121,4
DA:122,4
DA:123,2
DA:126,2
DA:130,2
LF:44
LH:43
BRDA:27,0,0,1
BRDA:34,1,0,1
BRDA:63,2,0,1
BRDA:68,3,0,0
BRDA:80,4,0,1
BRDA:89,5,0,1
BRDA:97,6,0,1
BRDA:112,7,0,1
BRDA:122,8,0,2
BRDA:122,9,0,4
BRDA:122,9,1,3
BRDA:130,10,0,1
BRDA:130,10,1,1
BRF:13
BRH:12
end_of_record
